42.6049 	EXP 	Created window1 = Window(allowGUI=True, allowStencil=False, autoLog=True, backendConf=UNKNOWN, backgroundFit=<method-wrapper '__getattribute__' of attributeSetter object at 0x0000023E8B23CC10>, backgroundImage=<method-wrapper '__getattribute__' of attributeSetter object at 0x0000023E8B23CC70>, bitsMode=UNKNOWN, blendMode='avg', bpc=(8, 8, 8), color=array([0, 0, 0]), colorSpace='rgb', depthBits=8, fullscr=<method-wrapper '__getattribute__' of attributeSetter object at 0x0000023E8B23C0A0>, gamma=None, gammaErrorPolicy='raise', infoMsg=UNKNOWN, lms=UNKNOWN, monitor=<psychopy.monitors.calibTools.Monitor object at 0x0000023E898733A0>, multiSample=False, name='window1', numSamples=2, pos=[460.0, 140.0], screen=0, size=array([1000,  800]), stencilBits=0, stereo=False, title='PsychoPy', units='height', useFBO=True, useRetina=False, viewOri=0.0, viewPos=None, viewScale=None, waitBlanking=True, winType='pyglet')
42.6050 	EXP 	window1: backgroundImage = ''
42.6050 	EXP 	window1: backgroundFit = 'none'
42.6054 	EXP 	window1: mouseVisible = <method-wrapper '__getattribute__' of attributeSetter object at 0x0000023E8B23CAF0>
42.6057 	EXP 	window1: mouseVisible = <method-wrapper '__getattribute__' of attributeSetter object at 0x0000023E8B23CAF0>
42.6296 	EXP 	window1: mouseVisible = <method-wrapper '__getattribute__' of attributeSetter object at 0x0000023E8B23CAF0>
42.6313 	EXP 	window1: mouseVisible = <method-wrapper '__getattribute__' of attributeSetter object at 0x0000023E8B23CAF0>
42.7006 	EXP 	window1: mouseVisible = <method-wrapper '__getattribute__' of attributeSetter object at 0x0000023E8B23CAF0>
42.7009 	EXP 	window1: mouseVisible = <method-wrapper '__getattribute__' of attributeSetter object at 0x0000023E8B23CAF0>
42.7032 	EXP 	window1: mouseVisible = <method-wrapper '__getattribute__' of attributeSetter object at 0x0000023E8B23CAF0>
42.7055 	EXP 	window1: mouseVisible = <method-wrapper '__getattribute__' of attributeSetter object at 0x0000023E8B23CAF0>
42.7335 	EXP 	window1: Attempting to measure frame rate of screen (0) ...
42.7336 	EXP 	window1: recordFrameIntervals = False
42.9387 	EXP 	window1: recordFrameIntervals = True
43.0377 	WARNING 	t of last frame was 30.12ms (=1/33)
43.2057 	EXP 	Screen (0) actual frame rate measured at 59.66Hz
43.2057 	EXP 	window1: recordFrameIntervals = False
43.2058 	EXP 	window1: mouseVisible = True
43.3244 	WARNING 	launchHubServer: If using the iohub mouse or eyetracker devices, fullScr should be True.
48.6718 	EXP 	Adaptive Staircase Procedure: status = STARTED
48.6727 	EXP 	window1: mouseVisible = True
48.6969 	EXP 	Created fixation = ShapeStim(__class__=<class 'psychopy.visual.shape.ShapeStim'>, anchor=('center', 'center'), autoDraw=False, autoLog=True, closeShape=True, color=method-wrapper(...), colorSpace='rgb', contrast=None, depth=-1.0, draggable=False, fillColor=array([1, 1, 1]), fillColorSpace='rgb', fillRGB=array([1, 1, 1]), interpolate=True, lineColor=array([1., 1., 1.]), lineColorSpace='rgb', lineRGB=array([1, 1, 1]), lineWidth=1.0, name='fixation', opacity=1, ori=0.0, pos=array([0., 0.]), size=array([0.1, 0.1]), units='height', vertices=ndarray(...), win=Window(...), windingRule=None)
48.6971 	EXP 	window1: mouseVisible = True
48.7033 	EXP 	Created grating = GratingStim(__class__=<class 'psychopy.visual.grating.GratingStim'>, anchor='center', autoDraw=False, autoLog=True, blendmode='avg', color=array([1., 1., 1.]), colorSpace='rgb', contrast=1.0, depth=-2.0, draggable=False, interpolate=True, mask='gauss', maskParams=None, name='grating', opacity=1, ori=1.0, phase=array([0., 0.]), pos=array([0., 0.]), rgbPedestal=array([0., 0., 0.]), sf=array([8., 8.]), size=array([0.3, 0.3]), tex='sin', texRes=128.0, units='height', win=Window(...))
0.0167 	WARNING 	Increasing number of minimum required reversals to the number of step sizes, (4).
0.0340 	EXP 	grating: ori = 10.0
0.0340 	EXP 	fixation: autoDraw = True
0.5150 	EXP 	fixation: autoDraw = False
0.5150 	EXP 	grating: autoDraw = True
0.5150 	EXP 	grating: tex = 'sin'
0.8166 	EXP 	grating: autoDraw = False
1.1704 	DATA 	Keypress: right
1.1814 	EXP 	fixation: autoDraw = False
1.1814 	EXP 	grating: autoDraw = False
1.1814 	EXP 	grating: ori = -8.0
1.1814 	EXP 	fixation: autoDraw = True
1.6828 	EXP 	fixation: autoDraw = False
1.6828 	EXP 	grating: autoDraw = True
1.9830 	EXP 	grating: autoDraw = False
2.2675 	DATA 	Keypress: right
2.2821 	EXP 	fixation: autoDraw = False
2.2821 	EXP 	grating: autoDraw = False
2.2821 	EXP 	grating: ori = -9.0
2.2821 	EXP 	fixation: autoDraw = True
2.7661 	EXP 	fixation: autoDraw = False
2.7661 	EXP 	grating: autoDraw = True
3.0658 	EXP 	grating: autoDraw = False
3.3181 	DATA 	Keypress: left
3.3330 	EXP 	fixation: autoDraw = False
3.3330 	EXP 	grating: autoDraw = False
3.3330 	EXP 	grating: ori = -9.0
3.3330 	EXP 	fixation: autoDraw = True
3.8163 	EXP 	fixation: autoDraw = False
3.8163 	EXP 	grating: autoDraw = True
4.1161 	EXP 	grating: autoDraw = False
4.1843 	DATA 	Keypress: left
4.1991 	EXP 	fixation: autoDraw = False
4.1991 	EXP 	grating: autoDraw = False
4.1991 	EXP 	grating: ori = 9.0
4.1991 	EXP 	fixation: autoDraw = True
4.6823 	EXP 	fixation: autoDraw = False
4.6823 	EXP 	grating: autoDraw = True
4.9826 	EXP 	grating: autoDraw = False
5.2017 	DATA 	Keypress: right
5.2161 	EXP 	fixation: autoDraw = False
5.2161 	EXP 	grating: autoDraw = False
5.2161 	EXP 	grating: ori = 8.0
5.2161 	EXP 	fixation: autoDraw = True
5.7156 	EXP 	fixation: autoDraw = False
5.7156 	EXP 	grating: autoDraw = True
6.0160 	EXP 	grating: autoDraw = False
6.1351 	DATA 	Keypress: right
6.1493 	EXP 	fixation: autoDraw = False
6.1493 	EXP 	grating: autoDraw = False
6.1493 	EXP 	grating: ori = 8.0
6.1493 	EXP 	fixation: autoDraw = True
6.6489 	EXP 	fixation: autoDraw = False
6.6489 	EXP 	grating: autoDraw = True
6.9490 	EXP 	grating: autoDraw = False
7.0850 	DATA 	Keypress: right
7.0997 	EXP 	fixation: autoDraw = False
7.0997 	EXP 	grating: autoDraw = False
7.0997 	EXP 	grating: ori = -8.0
7.0997 	EXP 	fixation: autoDraw = True
7.5823 	EXP 	fixation: autoDraw = False
7.5823 	EXP 	grating: autoDraw = True
7.8828 	EXP 	grating: autoDraw = False
7.9843 	DATA 	Keypress: left
7.9993 	EXP 	fixation: autoDraw = False
7.9993 	EXP 	grating: autoDraw = False
7.9993 	EXP 	grating: ori = -7.0
7.9993 	EXP 	fixation: autoDraw = True
8.4827 	EXP 	fixation: autoDraw = False
8.4827 	EXP 	grating: autoDraw = True
8.7823 	EXP 	grating: autoDraw = False
8.9015 	DATA 	Keypress: left
8.9159 	EXP 	fixation: autoDraw = False
8.9159 	EXP 	grating: autoDraw = False
8.9159 	EXP 	grating: ori = 7.0
8.9159 	EXP 	fixation: autoDraw = True
9.4158 	EXP 	fixation: autoDraw = False
9.4158 	EXP 	grating: autoDraw = True
9.7159 	EXP 	grating: autoDraw = False
9.9187 	DATA 	Keypress: right
9.9324 	EXP 	fixation: autoDraw = False
9.9324 	EXP 	grating: autoDraw = False
9.9324 	EXP 	grating: ori = 7.0
9.9324 	EXP 	fixation: autoDraw = True
10.4326 	EXP 	fixation: autoDraw = False
10.4326 	EXP 	grating: autoDraw = True
10.7324 	EXP 	grating: autoDraw = False
10.9175 	DATA 	Keypress: right
10.9322 	EXP 	fixation: autoDraw = False
10.9322 	EXP 	grating: autoDraw = False
10.9322 	EXP 	grating: ori = -6.0
10.9322 	EXP 	fixation: autoDraw = True
11.4159 	EXP 	fixation: autoDraw = False
11.4159 	EXP 	grating: autoDraw = True
11.7163 	EXP 	grating: autoDraw = False
11.8684 	DATA 	Keypress: left
11.8830 	EXP 	fixation: autoDraw = False
11.8830 	EXP 	grating: autoDraw = False
11.8830 	EXP 	grating: ori = -6.0
11.8830 	EXP 	fixation: autoDraw = True
12.3830 	EXP 	fixation: autoDraw = False
12.3830 	EXP 	grating: autoDraw = True
12.6823 	EXP 	grating: autoDraw = False
12.8175 	DATA 	Keypress: left
12.8326 	EXP 	fixation: autoDraw = False
12.8326 	EXP 	grating: autoDraw = False
12.8326 	EXP 	grating: ori = -6.0
12.8326 	EXP 	fixation: autoDraw = True
13.3155 	EXP 	fixation: autoDraw = False
13.3155 	EXP 	grating: autoDraw = True
13.6162 	EXP 	grating: autoDraw = False
13.7345 	DATA 	Keypress: left
13.7489 	EXP 	fixation: autoDraw = False
13.7489 	EXP 	grating: autoDraw = False
13.7489 	EXP 	grating: ori = 5.0
13.7489 	EXP 	fixation: autoDraw = True
14.2489 	EXP 	fixation: autoDraw = False
14.2489 	EXP 	grating: autoDraw = True
14.5490 	EXP 	grating: autoDraw = False
14.7175 	DATA 	Keypress: right
14.7323 	EXP 	fixation: autoDraw = False
14.7323 	EXP 	grating: autoDraw = False
14.7323 	EXP 	grating: ori = 5.0
14.7323 	EXP 	fixation: autoDraw = True
15.2155 	EXP 	fixation: autoDraw = False
15.2155 	EXP 	grating: autoDraw = True
15.5157 	EXP 	grating: autoDraw = False
15.7012 	DATA 	Keypress: right
15.7157 	EXP 	fixation: autoDraw = False
15.7157 	EXP 	grating: autoDraw = False
15.7157 	EXP 	grating: ori = -5.0
15.7157 	EXP 	fixation: autoDraw = True
16.1993 	EXP 	fixation: autoDraw = False
16.1993 	EXP 	grating: autoDraw = True
16.4986 	EXP 	grating: autoDraw = False
16.6515 	DATA 	Keypress: left
16.6653 	EXP 	fixation: autoDraw = False
16.6653 	EXP 	grating: autoDraw = False
16.6653 	EXP 	grating: ori = -4.0
16.6653 	EXP 	fixation: autoDraw = True
17.1656 	EXP 	fixation: autoDraw = False
17.1656 	EXP 	grating: autoDraw = True
17.4659 	EXP 	grating: autoDraw = False
17.6018 	DATA 	Keypress: left
17.6155 	EXP 	fixation: autoDraw = False
17.6155 	EXP 	grating: autoDraw = False
17.6155 	EXP 	grating: ori = 4.0
17.6155 	EXP 	fixation: autoDraw = True
18.1152 	EXP 	fixation: autoDraw = False
18.1152 	EXP 	grating: autoDraw = True
18.4156 	EXP 	grating: autoDraw = False
18.5674 	DATA 	Keypress: right
18.5824 	EXP 	fixation: autoDraw = False
18.5824 	EXP 	grating: autoDraw = False
18.5824 	EXP 	grating: ori = -4.0
18.5824 	EXP 	fixation: autoDraw = True
19.0658 	EXP 	fixation: autoDraw = False
19.0658 	EXP 	grating: autoDraw = True
19.3655 	EXP 	grating: autoDraw = False
19.6509 	DATA 	Keypress: right
19.6653 	EXP 	fixation: autoDraw = False
19.6653 	EXP 	grating: autoDraw = False
19.6653 	EXP 	grating: ori = 4.5
19.6653 	EXP 	fixation: autoDraw = True
20.1487 	EXP 	fixation: autoDraw = False
20.1487 	EXP 	grating: autoDraw = True
20.4487 	EXP 	grating: autoDraw = False
20.6181 	DATA 	Keypress: left
20.6319 	EXP 	fixation: autoDraw = False
20.6319 	EXP 	grating: autoDraw = False
20.6319 	EXP 	grating: ori = 5.0
20.6319 	EXP 	fixation: autoDraw = True
20.7167 	DATA 	Keypress: right
21.1328 	EXP 	fixation: autoDraw = False
21.1328 	EXP 	grating: autoDraw = True
21.4325 	EXP 	grating: autoDraw = False
21.8838 	DATA 	Keypress: right
21.8988 	EXP 	fixation: autoDraw = False
21.8988 	EXP 	grating: autoDraw = False
21.8988 	EXP 	grating: ori = 5.0
21.8988 	EXP 	fixation: autoDraw = True
22.3826 	EXP 	fixation: autoDraw = False
22.3826 	EXP 	grating: autoDraw = True
22.6825 	EXP 	grating: autoDraw = False
22.8014 	DATA 	Keypress: right
22.8159 	EXP 	fixation: autoDraw = False
22.8159 	EXP 	grating: autoDraw = False
22.8159 	EXP 	grating: ori = -5.0
22.8159 	EXP 	fixation: autoDraw = True
23.3160 	EXP 	fixation: autoDraw = False
23.3160 	EXP 	grating: autoDraw = True
23.6157 	EXP 	grating: autoDraw = False
23.7507 	DATA 	Keypress: left
23.7657 	EXP 	fixation: autoDraw = False
23.7657 	EXP 	grating: autoDraw = False
23.7657 	EXP 	grating: ori = 4.5
23.7657 	EXP 	fixation: autoDraw = True
24.2496 	EXP 	fixation: autoDraw = False
24.2496 	EXP 	grating: autoDraw = True
24.5660 	EXP 	grating: autoDraw = False
24.6673 	DATA 	Keypress: left
24.6987 	EXP 	fixation: autoDraw = False
24.6987 	EXP 	grating: autoDraw = False
24.6987 	EXP 	grating: ori = -5.0
24.6987 	EXP 	fixation: autoDraw = True
24.8502 	DATA 	Keypress: right
25.1822 	EXP 	fixation: autoDraw = False
25.1822 	EXP 	grating: autoDraw = True
25.4828 	EXP 	grating: autoDraw = False
25.7841 	DATA 	Keypress: left
25.7986 	EXP 	fixation: autoDraw = False
25.7986 	EXP 	grating: autoDraw = False
25.7986 	EXP 	grating: ori = -5.0
25.7986 	EXP 	fixation: autoDraw = True
26.2985 	EXP 	fixation: autoDraw = False
26.2985 	EXP 	grating: autoDraw = True
26.5989 	EXP 	grating: autoDraw = False
26.7679 	DATA 	Keypress: left
26.7820 	EXP 	fixation: autoDraw = False
26.7820 	EXP 	grating: autoDraw = False
26.7820 	EXP 	grating: ori = -5.0
26.7820 	EXP 	fixation: autoDraw = True
27.2823 	EXP 	fixation: autoDraw = False
27.2823 	EXP 	grating: autoDraw = True
27.5819 	EXP 	grating: autoDraw = False
27.8672 	DATA 	Keypress: left
27.8821 	EXP 	fixation: autoDraw = False
27.8821 	EXP 	grating: autoDraw = False
27.8821 	EXP 	grating: ori = -4.5
27.8821 	EXP 	fixation: autoDraw = True
28.3651 	EXP 	fixation: autoDraw = False
28.3651 	EXP 	grating: autoDraw = True
28.6656 	EXP 	grating: autoDraw = False
28.7677 	DATA 	Keypress: left
28.7823 	EXP 	fixation: autoDraw = False
28.7823 	EXP 	grating: autoDraw = False
28.7823 	EXP 	grating: ori = -4.5
28.7823 	EXP 	fixation: autoDraw = True
29.2821 	EXP 	fixation: autoDraw = False
29.2821 	EXP 	grating: autoDraw = True
29.5821 	EXP 	grating: autoDraw = False
29.7171 	DATA 	Keypress: left
29.7319 	EXP 	fixation: autoDraw = False
29.7319 	EXP 	grating: autoDraw = False
29.7319 	EXP 	grating: ori = -4.5
29.7319 	EXP 	fixation: autoDraw = True
30.2154 	EXP 	fixation: autoDraw = False
30.2154 	EXP 	grating: autoDraw = True
30.5152 	EXP 	grating: autoDraw = False
30.5842 	DATA 	Keypress: left
30.5989 	EXP 	fixation: autoDraw = False
30.5989 	EXP 	grating: autoDraw = False
30.5989 	EXP 	grating: ori = 4.0
30.5989 	EXP 	fixation: autoDraw = True
31.0822 	EXP 	fixation: autoDraw = False
31.0822 	EXP 	grating: autoDraw = True
31.3823 	EXP 	grating: autoDraw = False
31.6337 	DATA 	Keypress: right
31.6487 	EXP 	fixation: autoDraw = False
31.6487 	EXP 	grating: autoDraw = False
31.6487 	EXP 	grating: ori = 4.0
31.6487 	EXP 	fixation: autoDraw = True
32.1318 	EXP 	fixation: autoDraw = False
32.1318 	EXP 	grating: autoDraw = True
32.4340 	EXP 	grating: autoDraw = False
32.4838 	DATA 	Keypress: right
32.4989 	EXP 	fixation: autoDraw = False
32.4989 	EXP 	grating: autoDraw = False
32.4989 	EXP 	grating: ori = -4.0
32.4989 	EXP 	fixation: autoDraw = True
32.9819 	EXP 	fixation: autoDraw = False
32.9819 	EXP 	grating: autoDraw = True
33.2823 	EXP 	grating: autoDraw = False
33.4343 	DATA 	Keypress: left
33.4486 	EXP 	fixation: autoDraw = False
33.4486 	EXP 	grating: autoDraw = False
33.4486 	EXP 	grating: ori = 3.5
33.4486 	EXP 	fixation: autoDraw = True
33.9491 	EXP 	fixation: autoDraw = False
33.9491 	EXP 	grating: autoDraw = True
34.2491 	EXP 	grating: autoDraw = False
34.5507 	DATA 	Keypress: right
34.5652 	EXP 	fixation: autoDraw = False
34.5652 	EXP 	grating: autoDraw = False
34.5652 	EXP 	grating: ori = -3.5
34.5652 	EXP 	fixation: autoDraw = True
35.0653 	EXP 	fixation: autoDraw = False
35.0653 	EXP 	grating: autoDraw = True
35.3649 	EXP 	grating: autoDraw = False
35.5844 	DATA 	Keypress: left
35.5984 	EXP 	fixation: autoDraw = False
35.5984 	EXP 	grating: autoDraw = False
35.5984 	EXP 	grating: ori = -3.5
35.5984 	EXP 	fixation: autoDraw = True
36.0984 	EXP 	fixation: autoDraw = False
36.0984 	EXP 	grating: autoDraw = True
36.3990 	EXP 	grating: autoDraw = False
36.4675 	DATA 	Keypress: left
36.4816 	EXP 	fixation: autoDraw = False
36.4816 	EXP 	grating: autoDraw = False
36.4816 	EXP 	grating: ori = 3.0
36.4816 	EXP 	fixation: autoDraw = True
36.9821 	EXP 	fixation: autoDraw = False
36.9821 	EXP 	grating: autoDraw = True
37.2818 	EXP 	grating: autoDraw = False
37.5843 	DATA 	Keypress: right
37.5986 	EXP 	fixation: autoDraw = False
37.5986 	EXP 	grating: autoDraw = False
37.5986 	EXP 	grating: ori = 3.0
37.5986 	EXP 	fixation: autoDraw = True
38.0987 	EXP 	fixation: autoDraw = False
38.0987 	EXP 	grating: autoDraw = True
38.3989 	EXP 	grating: autoDraw = False
38.5336 	DATA 	Keypress: right
38.5484 	EXP 	fixation: autoDraw = False
38.5484 	EXP 	grating: autoDraw = False
38.5484 	EXP 	grating: ori = -3.0
38.5484 	EXP 	fixation: autoDraw = True
39.0322 	EXP 	fixation: autoDraw = False
39.0322 	EXP 	grating: autoDraw = True
39.3324 	EXP 	grating: autoDraw = False
39.6005 	DATA 	Keypress: left
39.6154 	EXP 	fixation: autoDraw = False
39.6154 	EXP 	grating: autoDraw = False
39.6154 	EXP 	grating: ori = 2.5
39.6154 	EXP 	fixation: autoDraw = True
40.1154 	EXP 	fixation: autoDraw = False
40.1154 	EXP 	grating: autoDraw = True
40.4152 	EXP 	grating: autoDraw = False
40.6017 	DATA 	Keypress: right
40.6148 	EXP 	fixation: autoDraw = False
40.6148 	EXP 	grating: autoDraw = False
40.6148 	EXP 	grating: ori = 2.5
40.6148 	EXP 	fixation: autoDraw = True
41.1150 	EXP 	fixation: autoDraw = False
41.1150 	EXP 	grating: autoDraw = True
41.4153 	EXP 	grating: autoDraw = False
41.5840 	DATA 	Keypress: right
41.6156 	EXP 	fixation: autoDraw = False
41.6156 	EXP 	grating: autoDraw = False
41.6156 	EXP 	grating: ori = 2.5
41.6156 	EXP 	fixation: autoDraw = True
42.1152 	EXP 	fixation: autoDraw = False
42.1152 	EXP 	grating: autoDraw = True
42.4154 	EXP 	grating: autoDraw = False
42.5507 	DATA 	Keypress: right
42.5652 	EXP 	fixation: autoDraw = False
42.5652 	EXP 	grating: autoDraw = False
42.5652 	EXP 	grating: ori = 2.0
42.5652 	EXP 	fixation: autoDraw = True
43.0484 	EXP 	fixation: autoDraw = False
43.0484 	EXP 	grating: autoDraw = True
43.3487 	EXP 	grating: autoDraw = False
43.4509 	DATA 	Keypress: right
43.4649 	EXP 	fixation: autoDraw = False
43.4649 	EXP 	grating: autoDraw = False
43.4649 	EXP 	grating: ori = 2.0
43.4649 	EXP 	fixation: autoDraw = True
43.9486 	EXP 	fixation: autoDraw = False
43.9486 	EXP 	grating: autoDraw = True
44.2484 	EXP 	grating: autoDraw = False
44.4835 	DATA 	Keypress: right
44.4982 	EXP 	fixation: autoDraw = False
44.4982 	EXP 	grating: autoDraw = False
44.4982 	EXP 	grating: ori = 2.0
44.4982 	EXP 	fixation: autoDraw = True
44.9821 	EXP 	fixation: autoDraw = False
44.9821 	EXP 	grating: autoDraw = True
45.2817 	EXP 	grating: autoDraw = False
45.4004 	DATA 	Keypress: right
45.4156 	EXP 	fixation: autoDraw = False
45.4156 	EXP 	grating: autoDraw = False
45.4156 	EXP 	grating: ori = 1.5
45.4156 	EXP 	fixation: autoDraw = True
45.8985 	EXP 	fixation: autoDraw = False
45.8985 	EXP 	grating: autoDraw = True
46.1984 	EXP 	grating: autoDraw = False
46.3004 	DATA 	Keypress: right
46.3148 	EXP 	fixation: autoDraw = False
46.3148 	EXP 	grating: autoDraw = False
46.3148 	EXP 	grating: ori = 1.5
46.3148 	EXP 	fixation: autoDraw = True
46.7991 	EXP 	fixation: autoDraw = False
46.7991 	EXP 	grating: autoDraw = True
47.0982 	EXP 	grating: autoDraw = False
47.2841 	DATA 	Keypress: right
47.2985 	EXP 	fixation: autoDraw = False
47.2985 	EXP 	grating: autoDraw = False
47.2985 	EXP 	grating: ori = 1.5
47.2985 	EXP 	fixation: autoDraw = True
47.7987 	EXP 	fixation: autoDraw = False
47.7987 	EXP 	grating: autoDraw = True
48.0988 	EXP 	grating: autoDraw = False
48.2507 	DATA 	Keypress: right
48.2655 	EXP 	fixation: autoDraw = False
48.2655 	EXP 	grating: autoDraw = False
48.2655 	EXP 	grating: ori = 1.0
48.2655 	EXP 	fixation: autoDraw = True
48.7651 	EXP 	fixation: autoDraw = False
48.7651 	EXP 	grating: autoDraw = True
49.0650 	EXP 	grating: autoDraw = False
49.3842 	DATA 	Keypress: left
49.3981 	EXP 	fixation: autoDraw = False
49.3981 	EXP 	grating: autoDraw = False
49.3981 	EXP 	grating: ori = 1.5
49.3981 	EXP 	fixation: autoDraw = True
49.8983 	EXP 	fixation: autoDraw = False
49.8983 	EXP 	grating: autoDraw = True
50.1984 	EXP 	grating: autoDraw = False
50.4511 	DATA 	Keypress: right
50.4651 	EXP 	fixation: autoDraw = False
50.4651 	EXP 	grating: autoDraw = False
50.4651 	EXP 	grating: ori = -1.5
50.4651 	EXP 	fixation: autoDraw = True
50.9647 	EXP 	fixation: autoDraw = False
50.9647 	EXP 	grating: autoDraw = True
51.2648 	EXP 	grating: autoDraw = False
51.5173 	DATA 	Keypress: left
51.5318 	EXP 	fixation: autoDraw = False
51.5318 	EXP 	grating: autoDraw = False
51.5318 	EXP 	grating: ori = 1.5
51.5318 	EXP 	fixation: autoDraw = True
52.0153 	EXP 	fixation: autoDraw = False
52.0153 	EXP 	grating: autoDraw = True
52.3154 	EXP 	grating: autoDraw = False
52.5835 	DATA 	Keypress: right
52.5983 	EXP 	fixation: autoDraw = False
52.5983 	EXP 	grating: autoDraw = False
52.5983 	EXP 	grating: ori = 1.0
52.5983 	EXP 	fixation: autoDraw = True
53.0817 	EXP 	fixation: autoDraw = False
53.0817 	EXP 	grating: autoDraw = True
53.3817 	EXP 	grating: autoDraw = False
53.6503 	DATA 	Keypress: right
53.6648 	EXP 	fixation: autoDraw = False
53.6648 	EXP 	grating: autoDraw = False
53.6648 	EXP 	grating: ori = 1.0
53.6648 	EXP 	fixation: autoDraw = True
54.1652 	EXP 	fixation: autoDraw = False
54.1652 	EXP 	grating: autoDraw = True
54.4649 	EXP 	grating: autoDraw = False
54.7838 	DATA 	Keypress: right
54.7984 	EXP 	fixation: autoDraw = False
54.7984 	EXP 	grating: autoDraw = False
54.7984 	EXP 	grating: ori = 1.0
54.7984 	EXP 	fixation: autoDraw = True
55.2982 	EXP 	fixation: autoDraw = False
55.2982 	EXP 	grating: autoDraw = True
55.5980 	EXP 	grating: autoDraw = False
55.8171 	DATA 	Keypress: right
55.8318 	EXP 	fixation: autoDraw = False
55.8318 	EXP 	grating: autoDraw = False
55.8318 	EXP 	grating: ori = -1.0
55.8318 	EXP 	fixation: autoDraw = True
56.3149 	EXP 	fixation: autoDraw = False
56.3149 	EXP 	grating: autoDraw = True
56.6153 	EXP 	grating: autoDraw = False
56.8663 	DATA 	Keypress: left
56.8989 	EXP 	fixation: autoDraw = False
56.8989 	EXP 	grating: autoDraw = False
56.8989 	EXP 	grating: ori = -1.0
56.8989 	EXP 	fixation: autoDraw = True
57.3979 	EXP 	fixation: autoDraw = False
57.3979 	EXP 	grating: autoDraw = True
57.6984 	EXP 	grating: autoDraw = False
57.8173 	DATA 	Keypress: left
57.8314 	EXP 	fixation: autoDraw = False
57.8314 	EXP 	grating: autoDraw = False
57.8314 	EXP 	grating: ori = -1.0
57.8314 	EXP 	fixation: autoDraw = True
58.3315 	EXP 	fixation: autoDraw = False
58.3315 	EXP 	grating: autoDraw = True
58.6319 	EXP 	grating: autoDraw = False
58.7005 	DATA 	Keypress: left
58.7151 	EXP 	fixation: autoDraw = False
58.7151 	EXP 	grating: autoDraw = False
58.7151 	EXP 	grating: ori = -1.0
58.7151 	EXP 	fixation: autoDraw = True
59.2150 	EXP 	fixation: autoDraw = False
59.2150 	EXP 	grating: autoDraw = True
59.5146 	EXP 	grating: autoDraw = False
59.6513 	DATA 	Keypress: left
59.6651 	EXP 	fixation: autoDraw = False
59.6651 	EXP 	grating: autoDraw = False
59.6651 	EXP 	grating: ori = -1.0
59.6651 	EXP 	fixation: autoDraw = True
60.1480 	EXP 	fixation: autoDraw = False
60.1480 	EXP 	grating: autoDraw = True
60.4482 	EXP 	grating: autoDraw = False
60.5518 	DATA 	Keypress: left
60.5648 	EXP 	fixation: autoDraw = False
60.5648 	EXP 	grating: autoDraw = False
60.5648 	EXP 	grating: ori = 1.0
60.5648 	EXP 	fixation: autoDraw = True
61.0651 	EXP 	fixation: autoDraw = False
61.0651 	EXP 	grating: autoDraw = True
61.3652 	EXP 	grating: autoDraw = False
61.5838 	DATA 	Keypress: left
61.5984 	EXP 	fixation: autoDraw = False
61.5984 	EXP 	grating: autoDraw = False
61.5984 	EXP 	grating: ori = 1.5
61.5984 	EXP 	fixation: autoDraw = True
62.0813 	EXP 	fixation: autoDraw = False
62.0813 	EXP 	grating: autoDraw = True
62.3814 	EXP 	grating: autoDraw = False
62.7501 	DATA 	Keypress: right
62.7645 	EXP 	fixation: autoDraw = False
62.7645 	EXP 	grating: autoDraw = False
62.7645 	EXP 	grating: ori = 1.5
62.7645 	EXP 	fixation: autoDraw = True
63.2482 	EXP 	fixation: autoDraw = False
63.2482 	EXP 	grating: autoDraw = True
63.5486 	EXP 	grating: autoDraw = False
63.7668 	DATA 	Keypress: left
63.7814 	EXP 	fixation: autoDraw = False
63.7814 	EXP 	grating: autoDraw = False
63.7814 	EXP 	grating: ori = 2.0
63.7814 	EXP 	fixation: autoDraw = True
64.2644 	EXP 	fixation: autoDraw = False
64.2644 	EXP 	grating: autoDraw = True
64.5650 	EXP 	grating: autoDraw = False
64.9171 	DATA 	Keypress: right
64.9317 	EXP 	fixation: autoDraw = False
64.9317 	EXP 	grating: autoDraw = False
64.9317 	EXP 	grating: ori = 2.0
64.9317 	EXP 	fixation: autoDraw = True
65.4150 	EXP 	fixation: autoDraw = False
65.4150 	EXP 	grating: autoDraw = True
65.7147 	EXP 	grating: autoDraw = False
66.0341 	DATA 	Keypress: right
66.0482 	EXP 	fixation: autoDraw = False
66.0482 	EXP 	grating: autoDraw = False
66.0482 	EXP 	grating: ori = 2.0
66.0482 	EXP 	fixation: autoDraw = True
66.5484 	EXP 	fixation: autoDraw = False
66.5484 	EXP 	grating: autoDraw = True
66.8478 	EXP 	grating: autoDraw = False
67.1665 	DATA 	Keypress: right
67.1815 	EXP 	fixation: autoDraw = False
67.1815 	EXP 	grating: autoDraw = False
67.1815 	EXP 	grating: ori = -1.5
67.1815 	EXP 	fixation: autoDraw = True
67.6650 	EXP 	fixation: autoDraw = False
67.6650 	EXP 	grating: autoDraw = True
67.9651 	EXP 	grating: autoDraw = False
68.1499 	DATA 	Keypress: left
68.1656 	EXP 	fixation: autoDraw = False
68.1656 	EXP 	grating: autoDraw = False
68.1656 	EXP 	grating: ori = 1.5
68.1656 	EXP 	fixation: autoDraw = True
68.6484 	EXP 	fixation: autoDraw = False
68.6484 	EXP 	grating: autoDraw = True
68.9487 	EXP 	grating: autoDraw = False
69.0344 	DATA 	Keypress: left
69.0481 	EXP 	fixation: autoDraw = False
69.0481 	EXP 	grating: autoDraw = False
69.0481 	EXP 	grating: ori = 2.0
69.0481 	EXP 	fixation: autoDraw = True
69.5480 	EXP 	fixation: autoDraw = False
69.5480 	EXP 	grating: autoDraw = True
69.8479 	EXP 	grating: autoDraw = False
70.0499 	DATA 	Keypress: right
70.0648 	EXP 	fixation: autoDraw = False
70.0648 	EXP 	grating: autoDraw = False
70.0648 	EXP 	grating: ori = 2.0
70.0648 	EXP 	fixation: autoDraw = True
70.5478 	EXP 	fixation: autoDraw = False
70.5478 	EXP 	grating: autoDraw = True
70.8480 	EXP 	grating: autoDraw = False
71.1331 	DATA 	Keypress: right
71.1479 	EXP 	fixation: autoDraw = False
71.1479 	EXP 	grating: autoDraw = False
71.1479 	EXP 	grating: ori = 2.0
71.1479 	EXP 	fixation: autoDraw = True
71.6316 	EXP 	fixation: autoDraw = False
71.6316 	EXP 	grating: autoDraw = True
71.9313 	EXP 	grating: autoDraw = False
72.0684 	DATA 	Keypress: right
72.0814 	EXP 	fixation: autoDraw = False
72.0814 	EXP 	grating: autoDraw = False
72.0814 	EXP 	grating: ori = -1.5
72.0814 	EXP 	fixation: autoDraw = True
72.5816 	EXP 	fixation: autoDraw = False
72.5816 	EXP 	grating: autoDraw = True
72.8816 	EXP 	grating: autoDraw = False
73.1335 	DATA 	Keypress: left
73.1485 	EXP 	fixation: autoDraw = False
73.1485 	EXP 	grating: autoDraw = False
73.1485 	EXP 	grating: ori = 1.5
73.1485 	EXP 	fixation: autoDraw = True
73.6312 	EXP 	fixation: autoDraw = False
73.6312 	EXP 	grating: autoDraw = True
73.9318 	EXP 	grating: autoDraw = False
74.0338 	DATA 	Keypress: left
74.0483 	EXP 	fixation: autoDraw = False
74.0483 	EXP 	grating: autoDraw = False
74.0483 	EXP 	grating: ori = 2.0
74.0483 	EXP 	fixation: autoDraw = True
74.5479 	EXP 	fixation: autoDraw = False
74.5479 	EXP 	grating: autoDraw = True
74.8484 	EXP 	grating: autoDraw = False
75.0836 	DATA 	Keypress: right
75.0981 	EXP 	fixation: autoDraw = False
75.0981 	EXP 	grating: autoDraw = False
75.0981 	EXP 	grating: ori = 2.0
75.0981 	EXP 	fixation: autoDraw = True
75.5812 	EXP 	fixation: autoDraw = False
75.5812 	EXP 	grating: autoDraw = True
75.8815 	EXP 	grating: autoDraw = False
75.9836 	DATA 	Keypress: right
75.9980 	EXP 	fixation: autoDraw = False
75.9980 	EXP 	grating: autoDraw = False
75.9980 	EXP 	grating: ori = -2.0
75.9980 	EXP 	fixation: autoDraw = True
76.4821 	EXP 	fixation: autoDraw = False
76.4821 	EXP 	grating: autoDraw = True
76.7982 	EXP 	grating: autoDraw = False
76.8832 	DATA 	Keypress: right
76.8978 	EXP 	fixation: autoDraw = False
76.8978 	EXP 	grating: autoDraw = False
76.8978 	EXP 	grating: ori = -2.5
76.8978 	EXP 	fixation: autoDraw = True
77.3982 	EXP 	fixation: autoDraw = False
77.3982 	EXP 	grating: autoDraw = True
77.6978 	EXP 	grating: autoDraw = False
78.4503 	DATA 	Keypress: left
78.4647 	EXP 	fixation: autoDraw = False
78.4647 	EXP 	grating: autoDraw = False
78.4647 	EXP 	grating: ori = 2.5
78.4647 	EXP 	fixation: autoDraw = True
78.9483 	EXP 	fixation: autoDraw = False
78.9483 	EXP 	grating: autoDraw = True
79.2483 	EXP 	grating: autoDraw = False
79.5003 	DATA 	Keypress: right
79.5143 	EXP 	fixation: autoDraw = False
79.5143 	EXP 	grating: autoDraw = False
79.5143 	EXP 	grating: ori = -2.5
79.5143 	EXP 	fixation: autoDraw = True
80.0145 	EXP 	fixation: autoDraw = False
80.0145 	EXP 	grating: autoDraw = True
80.3146 	EXP 	grating: autoDraw = False
80.5666 	DATA 	Keypress: left
80.5814 	EXP 	fixation: autoDraw = False
80.5814 	EXP 	grating: autoDraw = False
80.5814 	EXP 	grating: ori = 2.0
80.5814 	EXP 	fixation: autoDraw = True
81.0644 	EXP 	fixation: autoDraw = False
81.0644 	EXP 	grating: autoDraw = True
81.3649 	EXP 	grating: autoDraw = False
81.9664 	DATA 	Keypress: right
81.9812 	EXP 	fixation: autoDraw = False
81.9812 	EXP 	grating: autoDraw = False
81.9812 	EXP 	grating: ori = 2.0
81.9812 	EXP 	fixation: autoDraw = True
82.4814 	EXP 	fixation: autoDraw = False
82.4814 	EXP 	grating: autoDraw = True
82.7811 	EXP 	grating: autoDraw = False
83.0002 	DATA 	Keypress: right
83.0147 	EXP 	fixation: autoDraw = False
83.0147 	EXP 	grating: autoDraw = False
83.0147 	EXP 	grating: ori = -2.0
83.0147 	EXP 	fixation: autoDraw = True
83.5144 	EXP 	fixation: autoDraw = False
83.5144 	EXP 	grating: autoDraw = True
83.8144 	EXP 	grating: autoDraw = False
84.0004 	DATA 	Keypress: left
84.0146 	EXP 	fixation: autoDraw = False
84.0146 	EXP 	grating: autoDraw = False
84.0146 	EXP 	grating: ori = 1.5
84.0146 	EXP 	fixation: autoDraw = True
84.5144 	EXP 	fixation: autoDraw = False
84.5144 	EXP 	grating: autoDraw = True
84.8147 	EXP 	grating: autoDraw = False
84.9504 	DATA 	Keypress: right
84.9641 	EXP 	fixation: autoDraw = False
84.9641 	EXP 	grating: autoDraw = False
84.9641 	EXP 	grating: ori = 1.5
84.9641 	EXP 	fixation: autoDraw = True
85.4648 	EXP 	fixation: autoDraw = False
85.4648 	EXP 	grating: autoDraw = True
85.7645 	EXP 	grating: autoDraw = False
86.0001 	DATA 	Keypress: right
86.0150 	EXP 	fixation: autoDraw = False
86.0150 	EXP 	grating: autoDraw = False
86.0150 	EXP 	grating: ori = 1.5
86.0150 	EXP 	fixation: autoDraw = True
86.5145 	EXP 	fixation: autoDraw = False
86.5145 	EXP 	grating: autoDraw = True
86.8141 	EXP 	grating: autoDraw = False
86.9496 	DATA 	Keypress: left
86.9647 	EXP 	fixation: autoDraw = False
86.9647 	EXP 	grating: autoDraw = False
86.9647 	EXP 	grating: ori = -2.0
86.9647 	EXP 	fixation: autoDraw = True
87.4478 	EXP 	fixation: autoDraw = False
87.4478 	EXP 	grating: autoDraw = True
87.7485 	EXP 	grating: autoDraw = False
87.9834 	DATA 	Keypress: right
87.9971 	EXP 	fixation: autoDraw = False
87.9971 	EXP 	grating: autoDraw = False
87.9971 	EXP 	grating: ori = 2.5
87.9971 	EXP 	fixation: autoDraw = True
88.4974 	EXP 	fixation: autoDraw = False
88.4974 	EXP 	grating: autoDraw = True
88.7979 	EXP 	grating: autoDraw = False
89.0006 	DATA 	Keypress: right
89.0148 	EXP 	fixation: autoDraw = False
89.0148 	EXP 	grating: autoDraw = False
89.0148 	EXP 	grating: ori = -2.5
89.0148 	EXP 	fixation: autoDraw = True
89.5145 	EXP 	fixation: autoDraw = False
89.5145 	EXP 	grating: autoDraw = True
89.8150 	EXP 	grating: autoDraw = False
90.0002 	DATA 	Keypress: left
90.0142 	EXP 	fixation: autoDraw = False
90.0142 	EXP 	grating: autoDraw = False
90.0142 	EXP 	grating: ori = 2.5
90.0142 	EXP 	fixation: autoDraw = True
90.4978 	EXP 	fixation: autoDraw = False
90.4978 	EXP 	grating: autoDraw = True
90.7975 	EXP 	grating: autoDraw = False
91.2161 	DATA 	Keypress: left
91.2310 	EXP 	fixation: autoDraw = False
91.2310 	EXP 	grating: autoDraw = False
91.2310 	EXP 	grating: ori = 3.0
91.2310 	EXP 	fixation: autoDraw = True
91.7148 	EXP 	fixation: autoDraw = False
91.7148 	EXP 	grating: autoDraw = True
92.0146 	EXP 	grating: autoDraw = False
92.2000 	DATA 	Keypress: right
92.2143 	EXP 	fixation: autoDraw = False
92.2143 	EXP 	grating: autoDraw = False
92.2143 	EXP 	grating: ori = 3.0
92.2143 	EXP 	fixation: autoDraw = True
92.7147 	EXP 	fixation: autoDraw = False
92.7147 	EXP 	grating: autoDraw = True
93.0144 	EXP 	grating: autoDraw = False
93.2165 	DATA 	Keypress: right
93.2311 	EXP 	fixation: autoDraw = False
93.2311 	EXP 	grating: autoDraw = False
93.2311 	EXP 	grating: ori = -3.0
93.2311 	EXP 	fixation: autoDraw = True
93.7315 	EXP 	fixation: autoDraw = False
93.7315 	EXP 	grating: autoDraw = True
94.0317 	EXP 	grating: autoDraw = False
94.3164 	DATA 	Keypress: left
94.3309 	EXP 	fixation: autoDraw = False
94.3309 	EXP 	grating: autoDraw = False
94.3309 	EXP 	grating: ori = 2.5
94.3309 	EXP 	fixation: autoDraw = True
94.8151 	EXP 	fixation: autoDraw = False
94.8151 	EXP 	grating: autoDraw = True
95.1144 	EXP 	grating: autoDraw = False
95.2668 	DATA 	Keypress: right
95.2811 	EXP 	fixation: autoDraw = False
95.2811 	EXP 	grating: autoDraw = False
95.2811 	EXP 	grating: ori = -2.5
95.2811 	EXP 	fixation: autoDraw = True
95.7814 	EXP 	fixation: autoDraw = False
95.7814 	EXP 	grating: autoDraw = True
96.0810 	EXP 	grating: autoDraw = False
96.2837 	DATA 	Keypress: left
96.2976 	EXP 	fixation: autoDraw = False
96.2976 	EXP 	grating: autoDraw = False
96.2976 	EXP 	grating: ori = 2.5
96.2976 	EXP 	fixation: autoDraw = True
96.7973 	EXP 	fixation: autoDraw = False
96.7973 	EXP 	grating: autoDraw = True
97.0975 	EXP 	grating: autoDraw = False
97.3334 	DATA 	Keypress: right
97.3474 	EXP 	fixation: autoDraw = False
97.3474 	EXP 	grating: autoDraw = False
97.3474 	EXP 	grating: ori = -2.0
97.3474 	EXP 	fixation: autoDraw = True
97.8473 	EXP 	fixation: autoDraw = False
97.8473 	EXP 	grating: autoDraw = True
98.1478 	EXP 	grating: autoDraw = False
98.3329 	DATA 	Keypress: left
98.3473 	EXP 	fixation: autoDraw = False
98.3473 	EXP 	grating: autoDraw = False
98.3473 	EXP 	grating: ori = 2.0
98.3473 	EXP 	fixation: autoDraw = True
98.8304 	EXP 	fixation: autoDraw = False
98.8304 	EXP 	grating: autoDraw = True
99.1310 	EXP 	grating: autoDraw = False
99.2328 	DATA 	Keypress: right
99.2479 	EXP 	fixation: autoDraw = False
99.2479 	EXP 	grating: autoDraw = False
99.2479 	EXP 	grating: ori = 2.0
99.2479 	EXP 	fixation: autoDraw = True
99.7473 	EXP 	fixation: autoDraw = False
99.7473 	EXP 	grating: autoDraw = True
100.0479 	EXP 	grating: autoDraw = False
100.2828 	DATA 	Keypress: left
100.2975 	EXP 	fixation: autoDraw = False
100.2975 	EXP 	grating: autoDraw = False
100.2975 	EXP 	grating: ori = 2.5
100.2975 	EXP 	fixation: autoDraw = True
100.7810 	EXP 	fixation: autoDraw = False
100.7810 	EXP 	grating: autoDraw = True
101.0808 	EXP 	grating: autoDraw = False
101.2989 	DATA 	Keypress: right
101.3142 	EXP 	fixation: autoDraw = False
101.3142 	EXP 	grating: autoDraw = False
101.3143 	EXP 	Adaptive Staircase Procedure: status = STOPPED
101.3907 	EXP 	window1: mouseVisible = True
